Determining if the pthread_create exist failed with the following output:
Change Dir: /home/developer/workspace/spiderbite/CMakeFiles/CMakeTmp

Run Build Command:"/usr/bin/make" "cmTC_a5db7/fast"
/usr/bin/make -f CMakeFiles/cmTC_a5db7.dir/build.make CMakeFiles/cmTC_a5db7.dir/build
make[1]: Entering directory '/home/developer/workspace/spiderbite/CMakeFiles/CMakeTmp'
Building CXX object CMakeFiles/cmTC_a5db7.dir/CheckSymbolExists.cxx.o
/usr/bin/c++      -o CMakeFiles/cmTC_a5db7.dir/CheckSymbolExists.cxx.o -c /home/developer/workspace/spiderbite/CMakeFiles/CMakeTmp/CheckSymbolExists.cxx
Linking CXX executable cmTC_a5db7
/usr/bin/cmake -E cmake_link_script CMakeFiles/cmTC_a5db7.dir/link.txt --verbose=1
/usr/bin/c++        CMakeFiles/cmTC_a5db7.dir/CheckSymbolExists.cxx.o  -o cmTC_a5db7 -rdynamic 
CMakeFiles/cmTC_a5db7.dir/CheckSymbolExists.cxx.o: In function `main':
CheckSymbolExists.cxx:(.text+0x16): undefined reference to `pthread_create'
collect2: error: ld returned 1 exit status
CMakeFiles/cmTC_a5db7.dir/build.make:97: recipe for target 'cmTC_a5db7' failed
make[1]: *** [cmTC_a5db7] Error 1
make[1]: Leaving directory '/home/developer/workspace/spiderbite/CMakeFiles/CMakeTmp'
Makefile:126: recipe for target 'cmTC_a5db7/fast' failed
make: *** [cmTC_a5db7/fast] Error 2

File /home/developer/workspace/spiderbite/CMakeFiles/CMakeTmp/CheckSymbolExists.cxx:
/* */
#include <pthread.h>

int main(int argc, char** argv)
{
  (void)argv;
#ifndef pthread_create
  return ((int*)(&pthread_create))[argc];
#else
  (void)argc;
  return 0;
#endif
}

Determining if the function pthread_create exists in the pthreads failed with the following output:
Change Dir: /home/developer/workspace/spiderbite/CMakeFiles/CMakeTmp

Run Build Command:"/usr/bin/make" "cmTC_2296b/fast"
/usr/bin/make -f CMakeFiles/cmTC_2296b.dir/build.make CMakeFiles/cmTC_2296b.dir/build
make[1]: Entering directory '/home/developer/workspace/spiderbite/CMakeFiles/CMakeTmp'
Building CXX object CMakeFiles/cmTC_2296b.dir/CheckFunctionExists.cxx.o
/usr/bin/c++     -DCHECK_FUNCTION_EXISTS=pthread_create   -o CMakeFiles/cmTC_2296b.dir/CheckFunctionExists.cxx.o -c /home/developer/workspace/spiderbite/CMakeFiles/CheckLibraryExists/CheckFunctionExists.cxx
Linking CXX executable cmTC_2296b
/usr/bin/cmake -E cmake_link_script CMakeFiles/cmTC_2296b.dir/link.txt --verbose=1
/usr/bin/c++    -DCHECK_FUNCTION_EXISTS=pthread_create    CMakeFiles/cmTC_2296b.dir/CheckFunctionExists.cxx.o  -o cmTC_2296b -rdynamic -lpthreads 
/usr/bin/ld: cannot find -lpthreads
collect2: error: ld returned 1 exit status
CMakeFiles/cmTC_2296b.dir/build.make:97: recipe for target 'cmTC_2296b' failed
make[1]: *** [cmTC_2296b] Error 1
make[1]: Leaving directory '/home/developer/workspace/spiderbite/CMakeFiles/CMakeTmp'
Makefile:126: recipe for target 'cmTC_2296b/fast' failed
make: *** [cmTC_2296b/fast] Error 2


